<?xml version="1.0" encoding="UTF-8"?>
<testsuite name="testeunit.CalculadoraTest" tests="4" skipped="0" failures="0" errors="0" timestamp="2022-03-09T17:16:33" hostname="DESKTOP-VLQBU5O" time="0.077">
  <properties/>
  <testcase name="multiplicacaoTest()" classname="testeunit.CalculadoraTest" time="0.067"/>
  <testcase name="divisaoTest()" classname="testeunit.CalculadoraTest" time="0.002"/>
  <testcase name="subtracaoTest()" classname="testeunit.CalculadoraTest" time="0.002"/>
  <testcase name="adicaoTest()" classname="testeunit.CalculadoraTest" time="0.001"/>
  <system-out><![CDATA[]]></system-out>
  <system-err><![CDATA[]]></system-err>
</testsuite>
